<?xml version="1.0" encoding="UTF-8"?>
<!-- Generated by org.testng.reporters.JUnitReportReporter -->
<testsuite hostname="DESKTOP-CSJEUIB" failures="0" tests="7" name="com.tn.qa.testcases.LoginTest" time="42.960" errors="0" timestamp="27 Apr 2023 19:18:14 GMT" skipped="0">
  <testcase classname="com.tn.qa.testcases.LoginTest" name="verifyLoginWithValidUserNameAndValidPassword" time="6.048"/>
  <testcase classname="com.tn.qa.testcases.LoginTest" name="verifyLoginWithInvalidUserNameAndInvalidPassword" time="5.838"/>
  <testcase classname="com.tn.qa.testcases.LoginTest" name="verifyLoginWithValidUserNameAndInvalidPassword" time="5.742"/>
  <testcase classname="com.tn.qa.testcases.LoginTest" name="verifyLoginWithInvalidUserNameAndValidPassword" time="7.819"/>
  <testcase classname="com.tn.qa.testcases.LoginTest" name="verifyLoginWithValidUserNameAndEmptyPasswordField" time="5.797"/>
  <testcase classname="com.tn.qa.testcases.LoginTest" name="verifyLoginWithEmptyUserNameFieldAndValidPassword" time="5.818"/>
  <testcase classname="com.tn.qa.testcases.LoginTest" name="verifyLoginWithEmptyUserNameFieldAndEmptyPasswordField" time="5.898"/>
</testsuite> <!-- com.tn.qa.testcases.LoginTest -->
