<?xml version="1.0" encoding="UTF-8"?>
<!-- Generated by org.testng.reporters.JUnitReportReporter -->
<testsuite hostname="DESKTOP-CSJEUIB" failures="0" tests="7" name="com.tn.qa.testcases.LoginTest" time="49.518" errors="0" timestamp="2023-04-12T23:28:37 CDT" skipped="0">
  <testcase classname="com.tn.qa.testcases.LoginTest" name="verifyingLoginWithValidUserNameAndValidPassword" time="6.152"/>
  <system-out/>
  <testcase classname="com.tn.qa.testcases.LoginTest" name="verifyingLoginWithInvalidUserNameAndInvalidPassword" time="6.768"/>
  <system-out/>
  <testcase classname="com.tn.qa.testcases.LoginTest" name="verifyingLoginWithValidUserNameAndInvalidPassword" time="7.651"/>
  <system-out/>
  <testcase classname="com.tn.qa.testcases.LoginTest" name="verifyingLoginWithInvalidUserNameAndValidPassword" time="6.635"/>
  <system-out/>
  <testcase classname="com.tn.qa.testcases.LoginTest" name="verifyingLoginWithValidUserNameAndEmptyPassword" time="6.123"/>
  <system-out/>
  <testcase classname="com.tn.qa.testcases.LoginTest" name="verifyingLoginWithEmptyUserNameAndValidPassword" time="7.649"/>
  <system-out/>
  <testcase classname="com.tn.qa.testcases.LoginTest" name="verifyingLoginWithEmptyUserNameAndEmptyPassword" time="8.540"/>
  <system-out/>
</testsuite> <!-- com.tn.qa.testcases.LoginTest -->
