<?xml version="1.0" encoding="UTF-8"?>
<!-- Generated by org.testng.reporters.JUnitReportReporter -->
<testsuite hostname="DESKTOP-CSJEUIB" failures="0" tests="4" name="com.tn.qa.testcases.SearchProductsTest" time="27.281" errors="0" timestamp="27 Apr 2023 18:52:19 GMT" skipped="0">
  <testcase classname="com.tn.qa.testcases.SearchProductsTest" name="verifySearchUsingValidProductName" time="6.184"/>
  <testcase classname="com.tn.qa.testcases.SearchProductsTest" name="verifySearchFieldUsingInvalidProductName" time="6.044"/>
  <testcase classname="com.tn.qa.testcases.SearchProductsTest" name="verifySearchIconFunctionWithEmptyField" time="5.577"/>
  <testcase classname="com.tn.qa.testcases.SearchProductsTest" name="verifySearchingBlankspaceReturnsAllProducts" time="9.476"/>
</testsuite> <!-- com.tn.qa.testcases.SearchProductsTest -->
