<?xml version="1.0" encoding="UTF-8"?>
<!-- Generated by org.testng.reporters.JUnitReportReporter -->
<testsuite hostname="DESKTOP-CSJEUIB" failures="0" tests="2" name="com.tn.qa.testcases.RegisterTest" time="15.407" errors="0" timestamp="2023-04-15T18:12:46 CDT" skipped="0">
  <testcase classname="com.tn.qa.testcases.RegisterTest" name="verifyTnRegistrationWithValidUserNameAndValidPassword" time="8.894"/>
  <system-out/>
  <testcase classname="com.tn.qa.testcases.RegisterTest" name="verifyTnRegistrationWithInvalidUserNameAndInvalidPassword" time="6.513"/>
  <system-out/>
</testsuite> <!-- com.tn.qa.testcases.RegisterTest -->
