<?xml version="1.0" encoding="UTF-8"?>
<!-- Generated by org.testng.reporters.JUnitReportReporter -->
<testsuite hostname="DESKTOP-CSJEUIB" failures="0" tests="8" name="com.tn.qa.testcases.RegisterTest" time="59.860" errors="0" timestamp="27 Apr 2023 18:52:19 GMT" skipped="0">
  <testcase classname="com.tn.qa.testcases.RegisterTest" name="verifyTnRegistrationWithValidUserNameAndValidPassword" time="9.274"/>
  <testcase classname="com.tn.qa.testcases.RegisterTest" name="verifyTnRegistrationWithInvalidUserNameAndInvalidPassword" time="7.558"/>
  <testcase classname="com.tn.qa.testcases.RegisterTest" name="verifyTnReRegistrationWithValidUserNameAndValidPassword" time="6.709"/>
  <testcase classname="com.tn.qa.testcases.RegisterTest" name="verifyTnRegistrationWithValidUserNameAndInvalidConfirmPassword" time="6.655"/>
  <testcase classname="com.tn.qa.testcases.RegisterTest" name="verifyTnRegistrationWithEmptyFields" time="6.640"/>
  <testcase classname="com.tn.qa.testcases.RegisterTest" name="verifyTnRegistrationWithEmptyFirstnameAndLastname" time="6.548"/>
  <testcase classname="com.tn.qa.testcases.RegisterTest" name="verifyTnRegistrationWithEmptyTelephoneAndEmail" time="9.839"/>
  <testcase classname="com.tn.qa.testcases.RegisterTest" name="verifyTnRegistrationWithoutClickingPrivacyPolicyCheckbox" time="6.637"/>
</testsuite> <!-- com.tn.qa.testcases.RegisterTest -->
