<?xml version="1.0" encoding="UTF-8"?>
<!-- Generated by org.testng.reporters.JUnitReportReporter -->
<testsuite skipped="0" hostname="DESKTOP-CSJEUIB" name="com.tn.qa.testcases.LoginTest" tests="7" failures="0" timestamp="27 Apr 2023 19:46:31 GMT" time="48.980" errors="0">
  <testcase name="verifyLoginWithValidUserNameAndValidPassword" time="7.786" classname="com.tn.qa.testcases.LoginTest"/>
  <testcase name="verifyLoginWithInvalidUserNameAndInvalidPassword" time="6.483" classname="com.tn.qa.testcases.LoginTest"/>
  <testcase name="verifyLoginWithValidUserNameAndInvalidPassword" time="6.505" classname="com.tn.qa.testcases.LoginTest"/>
  <testcase name="verifyLoginWithInvalidUserNameAndValidPassword" time="7.449" classname="com.tn.qa.testcases.LoginTest"/>
  <testcase name="verifyLoginWithValidUserNameAndEmptyPasswordField" time="6.862" classname="com.tn.qa.testcases.LoginTest"/>
  <testcase name="verifyLoginWithEmptyUserNameFieldAndValidPassword" time="6.965" classname="com.tn.qa.testcases.LoginTest"/>
  <testcase name="verifyLoginWithEmptyUserNameFieldAndEmptyPasswordField" time="6.930" classname="com.tn.qa.testcases.LoginTest"/>
</testsuite> <!-- com.tn.qa.testcases.LoginTest -->
