<?xml version="1.0" encoding="UTF-8"?>
<!-- Generated by org.testng.reporters.JUnitReportReporter -->
<testsuite skipped="0" hostname="DESKTOP-CSJEUIB" name="com.tn.qa.testcases.RegisterTest" tests="8" failures="0" timestamp="27 Apr 2023 19:46:31 GMT" time="62.690" errors="0">
  <testcase name="verifyTnRegistrationWithValidUserNameAndValidPassword" time="11.027" classname="com.tn.qa.testcases.RegisterTest"/>
  <testcase name="verifyTnRegistrationWithInvalidUserNameAndInvalidPassword" time="7.188" classname="com.tn.qa.testcases.RegisterTest"/>
  <testcase name="verifyTnReRegistrationWithValidUserNameAndValidPassword" time="7.318" classname="com.tn.qa.testcases.RegisterTest"/>
  <testcase name="verifyTnRegistrationWithValidUserNameAndInvalidConfirmPassword" time="7.795" classname="com.tn.qa.testcases.RegisterTest"/>
  <testcase name="verifyTnRegistrationWithEmptyFields" time="7.566" classname="com.tn.qa.testcases.RegisterTest"/>
  <testcase name="verifyTnRegistrationWithEmptyFirstnameAndLastname" time="7.230" classname="com.tn.qa.testcases.RegisterTest"/>
  <testcase name="verifyTnRegistrationWithEmptyTelephoneAndEmail" time="6.824" classname="com.tn.qa.testcases.RegisterTest"/>
  <testcase name="verifyTnRegistrationWithoutClickingPrivacyPolicyCheckbox" time="7.742" classname="com.tn.qa.testcases.RegisterTest"/>
</testsuite> <!-- com.tn.qa.testcases.RegisterTest -->
