<?xml version="1.0" encoding="UTF-8"?>
<!-- Generated by org.testng.reporters.JUnitReportReporter -->
<testsuite skipped="0" hostname="DESKTOP-CSJEUIB" name="com.tn.qa.testcases.SearchProductsTest" tests="4" failures="0" timestamp="27 Apr 2023 19:46:31 GMT" time="31.442" errors="0">
  <testcase name="verifySearchUsingValidProductName" time="8.161" classname="com.tn.qa.testcases.SearchProductsTest"/>
  <testcase name="verifySearchFieldUsingInvalidProductName" time="6.475" classname="com.tn.qa.testcases.SearchProductsTest"/>
  <testcase name="verifySearchIconFunctionWithEmptyField" time="6.166" classname="com.tn.qa.testcases.SearchProductsTest"/>
  <testcase name="verifySearchingBlankspaceReturnsAllProducts" time="10.640" classname="com.tn.qa.testcases.SearchProductsTest"/>
</testsuite> <!-- com.tn.qa.testcases.SearchProductsTest -->
